# JRE version: Java(TM) SE Runtime Environment (8.0_161-b12) (build 1.8.0_161-b12)
# Java VM: Java HotSpot(TM) 64-Bit Server VM (25.161-b12 mixed mode windows-amd64 compressed oops)
Heap:
 PSYoungGen      total 182784K, used 131973K [0x00000000f0000000, 0x0000000100000000, 0x0000000100000000)
  eden space 103424K, 50% used [0x00000000f0000000,0x00000000f3368678,0x00000000f6500000)
  from space 79360K, 99% used [0x00000000f6500000,0x00000000fb279110,0x00000000fb280000)
  to   space 79360K, 0% used [0x00000000fb280000,0x00000000fb280000,0x0000000100000000)
 ParOldGen       total 524288K, used 125904K [0x00000000d0000000, 0x00000000f0000000, 0x00000000f0000000)
  object space 524288K, 24% used [0x00000000d0000000,0x00000000d7af4160,0x00000000f0000000)
 Metaspace       used 82487K, capacity 85538K, committed 85800K, reserved 1124352K
  class space    used 9828K, capacity 10739K, committed 10800K, reserved 1048576K
GC Heap History (10 events):
Event: 27.950 GC heap before
{Heap before GC invocations=38 (full 3):
 PSYoungGen      total 189440K, used 174645K [0x00000000f0000000, 0x0000000100000000, 0x0000000100000000)
  eden space 124928K, 100% used [0x00000000f0000000,0x00000000f7a00000,0x00000000f7a00000)
  from space 64512K, 77% used [0x00000000fc100000,0x00000000ff18d4f0,0x0000000100000000)
  to   space 68608K, 0% used [0x00000000f7a00000,0x00000000f7a00000,0x00000000fbd00000)
 ParOldGen       total 524288K, used 113201K [0x00000000d0000000, 0x00000000f0000000, 0x00000000f0000000)
  object space 524288K, 21% used [0x00000000d0000000,0x00000000d6e8c4c0,0x00000000f0000000)
 Metaspace       used 80174K, capacity 82690K, committed 82856K, reserved 1122304K
  class space    used 9499K, capacity 10307K, committed 10416K, reserved 1048576K
Event: 27.979 GC heap after
Heap after GC invocations=38 (full 3):
 PSYoungGen      total 174080K, used 48969K [0x00000000f0000000, 0x0000000100000000, 0x0000000100000000)
  eden space 124928K, 0% used [0x00000000f0000000,0x00000000f0000000,0x00000000f7a00000)
  from space 49152K, 99% used [0x00000000f7a00000,0x00000000fa9d25b8,0x00000000faa00000)
  to   space 71680K, 0% used [0x00000000fba00000,0x00000000fba00000,0x0000000100000000)
 ParOldGen       total 524288K, used 118166K [0x00000000d0000000, 0x00000000f0000000, 0x00000000f0000000)
  object space 524288K, 22% used [0x00000000d0000000,0x00000000d7365bb8,0x00000000f0000000)
 Metaspace       used 80174K, capacity 82690K, committed 82856K, reserved 1122304K
  class space    used 9499K, capacity 10307K, committed 10416K, reserved 1048576K
}
Event: 28.509 GC heap before
{Heap before GC invocations=39 (full 3):
 PSYoungGen      total 174080K, used 173897K [0x00000000f0000000, 0x0000000100000000, 0x0000000100000000)
  eden space 124928K, 100% used [0x00000000f0000000,0x00000000f7a00000,0x00000000f7a00000)
  from space 49152K, 99% used [0x00000000f7a00000,0x00000000fa9d25b8,0x00000000faa00000)
  to   space 71680K, 0% used [0x00000000fba00000,0x00000000fba00000,0x0000000100000000)
 ParOldGen       total 524288K, used 118166K [0x00000000d0000000, 0x00000000f0000000, 0x00000000f0000000)
  object space 524288K, 22% used [0x00000000d0000000,0x00000000d7365bb8,0x00000000f0000000)
 Metaspace       used 80755K, capacity 83676K, committed 83752K, reserved 1122304K
  class space    used 9636K, capacity 10534K, committed 10544K, reserved 1048576K
Event: 28.537 GC heap after
Heap after GC invocations=39 (full 3):
 PSYoungGen      total 183296K, used 51884K [0x00000000f0000000, 0x0000000100000000, 0x0000000100000000)
  eden space 111616K, 0% used [0x00000000f0000000,0x00000000f0000000,0x00000000f6d00000)
  from space 71680K, 72% used [0x00000000fba00000,0x00000000fecab0e0,0x0000000100000000)
  to   space 75264K, 0% used [0x00000000f6d00000,0x00000000f6d00000,0x00000000fb680000)
 ParOldGen       total 524288K, used 118174K [0x00000000d0000000, 0x00000000f0000000, 0x00000000f0000000)
  object space 524288K, 22% used [0x00000000d0000000,0x00000000d7367bb8,0x00000000f0000000)
 Metaspace       used 80755K, capacity 83676K, committed 83752K, reserved 1122304K
  class space    used 9636K, capacity 10534K, committed 10544K, reserved 1048576K
}
Event: 31.533 GC heap before
{Heap before GC invocations=40 (full 3):
 PSYoungGen      total 183296K, used 163393K [0x00000000f0000000, 0x0000000100000000, 0x0000000100000000)
  eden space 111616K, 99% used [0x00000000f0000000,0x00000000f6ce53d0,0x00000000f6d00000)
  from space 71680K, 72% used [0x00000000fba00000,0x00000000fecab0e0,0x0000000100000000)
  to   space 75264K, 0% used [0x00000000f6d00000,0x00000000f6d00000,0x00000000fb680000)
 ParOldGen       total 524288K, used 118174K [0x00000000d0000000, 0x00000000f0000000, 0x00000000f0000000)
  object space 524288K, 22% used [0x00000000d0000000,0x00000000d7367bb8,0x00000000f0000000)
 Metaspace       used 81061K, capacity 83974K, committed 84008K, reserved 1122304K
  class space    used 9642K, capacity 10540K, committed 10544K, reserved 1048576K
Event: 31.566 GC heap after
Heap after GC invocations=40 (full 3):
 PSYoungGen      total 160256K, used 48578K [0x00000000f0000000, 0x0000000100000000, 0x0000000100000000)
  eden space 111616K, 0% used [0x00000000f0000000,0x00000000f0000000,0x00000000f6d00000)
  from space 48640K, 99% used [0x00000000f6d00000,0x00000000f9c709c8,0x00000000f9c80000)
  to   space 76288K, 0% used [0x00000000fb580000,0x00000000fb580000,0x0000000100000000)
 ParOldGen       total 524288K, used 123841K [0x00000000d0000000, 0x00000000f0000000, 0x00000000f0000000)
  object space 524288K, 23% used [0x00000000d0000000,0x00000000d78f07e8,0x00000000f0000000)
 Metaspace       used 81061K, capacity 83974K, committed 84008K, reserved 1122304K
  class space    used 9642K, capacity 10540K, committed 10544K, reserved 1048576K
}
Event: 81.045 GC heap before
{Heap before GC invocations=41 (full 3):
 PSYoungGen      total 160256K, used 160194K [0x00000000f0000000, 0x0000000100000000, 0x0000000100000000)
  eden space 111616K, 100% used [0x00000000f0000000,0x00000000f6d00000,0x00000000f6d00000)
  from space 48640K, 99% used [0x00000000f6d00000,0x00000000f9c709c8,0x00000000f9c80000)
  to   space 76288K, 0% used [0x00000000fb580000,0x00000000fb580000,0x0000000100000000)
 ParOldGen       total 524288K, used 123841K [0x00000000d0000000, 0x00000000f0000000, 0x00000000f0000000)
  object space 524288K, 23% used [0x00000000d0000000,0x00000000d78f07e8,0x00000000f0000000)
 Metaspace       used 81331K, capacity 84290K, committed 84392K, reserved 1122304K
  class space    used 9685K, capacity 10614K, committed 10672K, reserved 1048576K
Event: 81.074 GC heap after
Heap after GC invocations=41 (full 3):
 PSYoungGen      total 179712K, used 54515K [0x00000000f0000000, 0x0000000100000000, 0x0000000100000000)
  eden space 103424K, 0% used [0x00000000f0000000,0x00000000f0000000,0x00000000f6500000)
  from space 76288K, 71% used [0x00000000fb580000,0x00000000feabccc8,0x0000000100000000)
  to   space 79360K, 0% used [0x00000000f6500000,0x00000000f6500000,0x00000000fb280000)
 ParOldGen       total 524288K, used 123849K [0x00000000d0000000, 0x00000000f0000000, 0x00000000f0000000)
  object space 524288K, 23% used [0x00000000d0000000,0x00000000d78f27e8,0x00000000f0000000)
 Metaspace       used 81331K, capacity 84290K, committed 84392K, reserved 1122304K
  class space    used 9685K, capacity 10614K, committed 10672K, reserved 1048576K
}
Event: 81.375 GC heap before
{Heap before GC invocations=42 (full 3):
 PSYoungGen      total 179712K, used 157392K [0x00000000f0000000, 0x0000000100000000, 0x0000000100000000)
  eden space 103424K, 99% used [0x00000000f0000000,0x00000000f6477380,0x00000000f6500000)
  from space 76288K, 71% used [0x00000000fb580000,0x00000000feabccc8,0x0000000100000000)
  to   space 79360K, 0% used [0x00000000f6500000,0x00000000f6500000,0x00000000fb280000)
 ParOldGen       total 524288K, used 123849K [0x00000000d0000000, 0x00000000f0000000, 0x00000000f0000000)
  object space 524288K, 23% used [0x00000000d0000000,0x00000000d78f27e8,0x00000000f0000000)
 Metaspace       used 81967K, capacity 84938K, committed 85288K, reserved 1124352K
  class space    used 9765K, capacity 10690K, committed 10800K, reserved 1048576K
Event: 81.410 GC heap after
Heap after GC invocations=42 (full 3):
 PSYoungGen      total 182784K, used 79332K [0x00000000f0000000, 0x0000000100000000, 0x0000000100000000)
  eden space 103424K, 0% used [0x00000000f0000000,0x00000000f0000000,0x00000000f6500000)
  from space 79360K, 99% used [0x00000000f6500000,0x00000000fb279110,0x00000000fb280000)
  to   space 79360K, 0% used [0x00000000fb280000,0x00000000fb280000,0x0000000100000000)
 ParOldGen       total 524288K, used 125904K [0x00000000d0000000, 0x00000000f0000000, 0x00000000f0000000)
  object space 524288K, 24% used [0x00000000d0000000,0x00000000d7af4160,0x00000000f0000000)
 Metaspace       used 81967K, capacity 84938K, committed 85288K, reserved 1124352K
  class space    used 9765K, capacity 10690K, committed 10800K, reserved 1048576K
}

